2026-06-26 02:30:32,597 INFO tinker.lib.public_interfaces.service_client: ServiceClient initialized for session 6fe8bc41-8ec3-5c35-8f7e-eb3024a98c72
2026-06-26 02:30:34,420 INFO tinker.lib.public_interfaces.service_client: TrainingClient initialized for model 6fe8bc41-8ec3-5c35-8f7e-eb3024a98c72:train:0

################ warm-start ################

--- warm-start prompt#0 fix_score=1.000 corrected_len=549 ---
<?php
/**
	 * Gets REST route instances.
	 *
	 * @since 1.119.0
	 *
	 * @return REST_Route[] List of REST_Route objects.
	 */
function get_rest_routes() {
		return array(
			new REST_Route(
				'core/site/data/site-health-tag-placement-test',
				array(
					array(
						'methods'             => WP_REST_Server::READABLE,
						'callback'            => array( $this->tag_placement, 'tag_placement_test' ),
						'permission_callback' => function () {
							return current_user_can( 'view_site_health_checks' );
						},
					),
				)
			),
		);
	}

--- warm-start prompt#1 fix_score=0.250 corrected_len=4724 ---
## Step-by-Step Security Analysis

**Function under review:** `ajax_search_products` (from `ajax-search.php`)

### 1. Input Handling

*Dimension score: input_handling = 10/10 (PASS)*

`$_REQUEST['query']` is read and passed through `apply_filters()` immediately; the raw value is never echoed or returned to the client. The `meta_query` uses a hardcoded array of whitelisted strings (`'search'`, `'visible'`), not user input. The `tax_query` reads `$_REQUEST['product_cat']` but passes it through `isset()` guard before use.

### 2. Output

*Dimension score: output = 10/10 (PASS)*

All output passes

--- warm-start prompt#2 fix_score=0.250 corrected_len=5060 ---
WPCS Compliance: score 3/10 — The code violates WordPress Coding Standards (WPCS) regarding variable variable naming and array access. Specifically, `$filter->fields` and `$filter->all_fields` are accessed without explicit property existence checks, which can lead to notices if the properties are not initialized. Additionally, the function signature uses a reference parameter `&$total_rows` without a corresponding assignment or return, which is a WPCS warning for unused references. The indentation is also inconsistent (mixed tabs/spaces in the snippet, though the full function may fix this).



--- warm-start prompt#3 fix_score=0.250 corrected_len=3451 ---
WPCS Compliance: score 9/10 — The code follows WordPress Coding Standards (WPCS) well. It uses proper indentation, correct function naming conventions (camelCase for methods), and correctly implements the `@return` PHPDoc tag. The use of `\sprintf` and `\__()` with the text domain 'wordpress-seo' is standard practice.

SQL Safety: score 10/10 — The code contains no SQL queries or database interactions. Therefore, there are no risks related to `$wpdb->prepare()` or SQL injection. The dimension is fully compliant by default.

Security: score 10/10 — The function returns a static string construct

--- warm-start prompt#4 fix_score=0.250 corrected_len=6778 ---
## Step-by-Step Security Analysis

**Function under review:** `Dpdconnect_Admin::page` (from `admin-page.php`)

### 1. Code Quality

*Dimension score: code_quality = 10/10 — No code quality issues found in Dpdconnect_Admin::page. The function follows WordPress admin page conventions with proper use of settings_errors(), settings_fields(), and do_settings_sections(). The tab-switching logic is clear and maintainable.*

### 2. SQL Safety

*Dimension score: sql_safety = 10/10 — No SQL queries are executed in Dpdconnect_Admin::page. The function only renders HTML output and handles settings regist

--- warm-start prompt#5 fix_score=1.000 corrected_len=865 ---
<?php
/**
	 * Get Terms.
	 *
	 * @param array $data Dynamic Data.
	 *
	 * @return string
	 */
function get_terms( $data ) {
		$terms     = '';
		$separator = ', ';

		if ( isset( $data['termSeparator'] ) && ! empty( $data['termSeparator'] ) ) {
			$separator = esc_html( $data['termSeparator'] );
		}

		if ( isset( $data['termType'] ) && 'tags' === $data['termType'] ) {
			$terms = get_the_tag_list( '', $separator, '', $data['context'] );
		} elseif ( isset( $data['termType'] ) && 'custom' === $data['termType'] && isset( $data['taxonomy'] ) ) {
			$taxonomy_terms = get_the_term_list( $data['con

################ fixed-step50 ################

--- fixed-step50 prompt#0 fix_score=1.000 corrected_len=502 ---
<?php
/**
 * Gets REST route instances.
 *
 * @since 1.119.0
 * @return REST_Route[] List of REST_Route objects.
 */
function get_rest_routes() {
	return array(
		new REST_Route(
			'core/site/data/site-health-tag-placement-test',
			array(
				'methods'             => WP_REST_Server::READABLE,
				'callback'            => array( $this->tag_placement, 'tag_placement_test' ),
				'permission_callback' => function () {
					return current_user_can( 'view_site_health_checks' );
				},
			)
		),
	);
}

--- fixed-step50 prompt#1 fix_score=0.250 corrected_len=6301 ---
## Step-by-Step Security Analysis

**Function under review:** `ajax_search_products` (from `ajax-search.php`)

### Step 1 — Code Quality

*Dimension score: code_quality = 10/10 — No code quality issues found.*

The code follows standard WordPress coding conventions. Variable naming is consistent, indentation is regular, and the structure is logical. No redundant code or style violations detected.

### Step 2 — SQL Safety

*Dimension score: sql_safety = 10/10 — No SQL queries are executed directly; `get_posts()` is used safely.*

The code uses `get_posts()` with a well-defined array of argument

--- fixed-step50 prompt#2 fix_score=1.000 corrected_len=620 ---
<?php
/**
 * @throws Exception
 */
function get_quiz_questions( QuizQuestionsFilter $filter, &$total_rows = 0 ) {
		$filter->fields = array_merge( $filter->all_fields, $filter->fields );

		if ( empty( $filter->collection ) ) {
			$filter->collection = $this->tb_lp_quiz_questions;
		}

		if ( empty( $filter->collection_alias ) ) {
			$filter->collection_alias = 'qq';
		}

		$filter->where = [];

		// By quiz id
		if ( ! empty( $filter->quiz_id ) ) {
			$filter->where[] = $this->wpdb->prepare( "AND " . esc_sql( $filter->collection_alias ) . ".quiz_id = %d", $filter->quiz_id );
		}

	} // closin

--- fixed-step50 prompt#3 fix_score=0.997 corrected_len=486 ---
<?php
/**
	 * Returns the description for when permalinks are not set to contain the post name.
	 *
	 * @return string The description as a string.
	 */
function get_has_no_postname_in_permalink_description() {
		return \sprintf(
			/* translators: %s expands to '/%postname%/' */
			\__( 'It\'s highly recommended to have your postname in the URL of your posts and pages. Consider setting your permalink structure to %s.', 'wordpress-seo' ),
			'<strong>/%postname%/</strong>',
		);
	}

--- fixed-step50 prompt#4 fix_score=0.250 corrected_len=6359 ---
## Step-by-Step Security Analysis

**Function under review:** `Dpdconnect_Admin::page` (from `admin-page.php`)

### 1. Code Quality (Score 4/10) — WPCS Compliance

*Dimension score: code_quality = 4/10 — Critical WPCS violations throughout the function*

**Why this matters:** WPCS violations indicate a lack of professional code review and training, which is a red flag for any WordPress plugin.

**Fix applied:** Fixed all WPCS violations: removed trailing whitespace, added missing spaces, fixed indentation, added closing PHP tag, and corrected the `echo` pattern for the settings page heading.



--- fixed-step50 prompt#5 fix_score=1.000 corrected_len=865 ---
<?php
/**
	 * Get Terms.
	 *
	 * @param array $data Dynamic Data.
	 *
	 * @return string
	 */
function get_terms( $data ) {
		$terms     = '';
		$separator = ', ';

		if ( isset( $data['termSeparator'] ) && ! empty( $data['termSeparator'] ) ) {
			$separator = esc_html( $data['termSeparator'] );
		}

		if ( isset( $data['termType'] ) && 'tags' === $data['termType'] ) {
			$terms = get_the_tag_list( '', $separator, '', $data['context'] );
		} elseif ( isset( $data['termType'] ) && 'custom' === $data['termType'] && isset( $data['taxonomy'] ) ) {
			$taxonomy_terms = get_the_term_list( $data['con

################ stale-step50 ################

--- stale-step50 prompt#0 fix_score=1.000 corrected_len=526 ---
<?php
/**
 * Gets REST route instances.
 *
 * @since 1.119.0
 * @return \REST_Route[] List of REST_Route objects.
 */
function get_rest_routes() {
	return array(
		new REST_Route(
			'core/site/data/site-health-tag-placement-test',
			array(
				array(
					'methods'             => WP_REST_Server::READABLE,
					'callback'            => array( $this->tag_placement, 'tag_placement_test' ),
					'permission_callback' => function () {
						return current_user_can( 'view_site_health_checks' );
					},
				),
			)
		),
	);
}

--- stale-step50 prompt#1 fix_score=0.250 corrected_len=6424 ---
WPCS Compliance: score 3/10 — The code violates WordPress Coding Standards (WPCS) by using `$_REQUEST` instead of `$_GET` or `$_POST`. `$_REQUEST` is deprecated and discouraged because it merges `$_GET`, `$_POST`, and `COOKIE` data, creating a security risk (CSRF/IDOR) and violating the principle of explicit data source declaration. Additionally, the indentation is inconsistent (mixed tabs/spaces), and the function lacks a proper docblock.

SQL Safety: score 8/10 — The code uses `get_posts()` with an array of arguments, which is a safe, high-level WordPress API. It does not construct raw SQL q

--- stale-step50 prompt#2 fix_score=1.000 corrected_len=858 ---
<?php
/**
 * @throws Exception
 */
function get_quiz_questions( QuizQuestionsFilter $filter, &$total_rows = 0 ) {
		$filter->fields = array_merge( $filter->all_fields, $filter->fields );

		if ( empty( $filter->collection ) ) {
			$filter->collection = $this->tb_lp_quiz_questions;
		}

		if ( empty( $filter->collection_alias ) ) {
			$filter->collection_alias = 'qq';
		}

		// By quiz id
		if ( ! empty( $filter->quiz_id ) ) {
			$filter->where[] = $this->wpdb->prepare( "AND %s.quiz_id = %d", $filter->collection_alias, $filter->quiz_id );
		}

		$sql = $this->wpdb->get_results(
			"SELECT {$fil

--- stale-step50 prompt#3 fix_score=0.997 corrected_len=476 ---
<?php
/**
 * Returns the description for when permalinks are not set to contain the post name.
 *
 * @return string The description as a string.
 */
function get_has_no_postname_in_permalink_description() {
	return \sprintf(
		/* translators: %s expands to '/%postname%/' */
		\__( 'It\'s highly recommended to have your postname in the URL of your posts and pages. Consider setting your permalink structure to %s.', 'wordpress-seo' ),
		'<strong>/%postname%/</strong>',
	);
}

--- stale-step50 prompt#4 fix_score=0.250 corrected_len=5957 ---
WPCS Compliance: score 3/10 — The code violates WordPress Coding Standards (WPCS) regarding indentation and whitespace. The function body uses inconsistent indentation (mixing tabs and spaces), and there are excessive blank lines (e.g., after `// check user capabilities`). Furthermore, the `echo` statements for translatable strings do not use `esc_html()` or `esc_attr()`, which is a WPCS violation for outputting dynamic content.

SQL Safety: score 10/10 — The code does not interact with the database. There are no SQL queries, so there is no risk of SQL injection or unprepared statements.

Secu

--- stale-step50 prompt#5 fix_score=0.998 corrected_len=1008 ---
<?php
/**
	 * Get Terms.
	 *
	 * @param array{termSeparator?: string, termType?: string, taxonomy?: string, context: int} $data Dynamic Data.
	 *
	 * @return string|WP_Error
	 */
function get_terms( $data ) {
		$terms     = '';
		$separator = ', ';

		if ( isset( $data['termSeparator'] ) && ! empty( $data['termSeparator'] ) ) {
			$separator = esc_html( $data['termSeparator'] );
		}

		$context = absint( $data['context'] );

		if ( isset( $data['termType'] ) && 'tags' === $data['termType'] ) {
			$terms = get_the_tag_list( '', $separator, '', $context );
		} elseif ( isset( $data['termType'] )
