2026-06-26 08:40:56,682 INFO tinker.lib.public_interfaces.service_client: ServiceClient initialized for session 9229fafb-f788-59dc-8cee-bd70ac55f790
2026-06-26 08:40:56,682 INFO v3live: warm-start sampler...
2026-06-26 08:40:58,462 INFO tinker.lib.public_interfaces.service_client: TrainingClient initialized for model 9229fafb-f788-59dc-8cee-bd70ac55f790:train:0
2026-06-26 08:41:20,786 INFO v3live: prompt 0 -> 2 completions (running total 2)
2026-06-26 08:41:29,128 INFO v3live: prompt 1 -> 2 completions (running total 4)
2026-06-26 08:41:37,422 INFO v3live: prompt 2 -> 2 completions (running total 6)
2026-06-26 08:41:47,516 INFO v3live: prompt 3 -> 2 completions (running total 8)
2026-06-26 08:41:55,856 INFO v3live: prompt 4 -> 2 completions (running total 10)
2026-06-26 08:42:06,739 INFO v3live: prompt 5 -> 2 completions (running total 12)
2026-06-26 08:42:14,551 INFO v3live: prompt 6 -> 2 completions (running total 14)
2026-06-26 08:42:23,674 INFO v3live: prompt 7 -> 2 completions (running total 16)
2026-06-26 08:42:32,849 INFO v3live: prompt 8 -> 2 completions (running total 18)
2026-06-26 08:42:39,799 INFO v3live: prompt 9 -> 2 completions (running total 20)
2026-06-26 08:42:47,405 INFO v3live: prompt 10 -> 2 completions (running total 22)
2026-06-26 08:42:55,083 INFO v3live: prompt 11 -> 2 completions (running total 24)
2026-06-26 08:42:55,083 INFO v3live: sampled 24 completions, skipped 0 prompts

===== V3 GEN-AXIS LIVENESS (warm-start, robust per-prompt) =====
completions scored : 24  (skipped 0 hanging prompts)
OLD gate _is_parseable_php : parseable= 16  mean_reward=0.0416
NEW gate _is_valid_wp_php  : parseable= 16  mean_reward=0.0416
template-only credited by FIX 2 (new-yes, old-no): 0

GATE warm parseable(new) > 0      : PASS (16)
GATE >=1 nonzero gen mean_reward  : PASS (0.0416)
GATE FIX2 additive (new >= old)   : PASS (16 >= 16)

VERDICT: V3 PASS
