2026-06-26 11:01:04,450 INFO tinker.lib.public_interfaces.service_client: ServiceClient initialized for session 3c41b0e3-6ad0-5355-a3c7-8dfa67b592ee
2026-06-26 11:01:05,898 INFO tinker.lib.public_interfaces.service_client: TrainingClient initialized for model 3c41b0e3-6ad0-5355-a3c7-8dfa67b592ee:train:0

################ warm-start ################

--- warm-start prompt#0 fix_score=0.250 corrected_len=1931 ---
WPCS Compliance: score 7/10 — Complete docblock with @since and @return. Tab indentation. PHPDoc return type uses array[] shorthand which is acceptable. Spacing and brace style follow WPCS. Minor: the permission_callback closure lacks a space before the opening brace.

SQL Safety: score None/10 — No $wpdb or SQL operations present.

Security: score 7/10 — permission_callback uses current_user_can('view_site_health_checks') — correctly restricts the REST endpoint to authorized users. The callback uses a hard-coded route string and a method reference, no user input involved. No security surface.

--- warm-start prompt#1 fix_score=0.250 corrected_len=6420 ---
## Step-by-Step Security Analysis

**Function under review:** `ajax_search_products` (from `ajax-search.php`)

### Step 1 — Code Quality

Function has significant quality issues that would block production deployment.

*Dimension score: code_quality = 10/10 (failing threshold)*

**Why this matters:** The function fails to pass PHPCS coding standard review — indentation is mixed (tabs and spaces inconsistently), `$search_keyword` is assigned from `$_REQUEST` without sanitization, `echo json_encode()` is used without setting `Content-Type: application/json` header, and `die()` is used instead of

--- warm-start prompt#2 fix_score=0.250 corrected_len=4152 ---
WPCS Compliance: score 3/10 — The code violates WordPress Coding Standards (WPCS) regarding variable naming and array access. Specifically, `$filter->fields` is accessed without checking if the property exists or is an array, which can lead to PHP warnings or notices if the object structure is unexpected. Additionally, the function signature uses a mutable default argument (`&$total_rows = 0`), which is discouraged in PHP and WPCS for functions that may be called in loops or with side effects.

SQL Safety: score 5/10 — The code uses `$this->wpdb->prepare()` which is correct for parameterizing 

--- warm-start prompt#3 fix_score=0.250 corrected_len=3659 ---
WPCS Compliance: score 9/10 — The code follows WordPress Coding Standards (WPCS) well. It uses proper indentation, correct function naming conventions (camelCase for methods), and correctly implements the `@return` DocBlock annotation. The use of fully qualified function names with backslashes (`\sprintf`, `\__`) is acceptable and often preferred in modern PHP/WordPress development to avoid namespace collisions.

SQL Safety: score 10/10 — The code does not interact with the database. There are no SQL queries, no usage of `$wpdb`, and no risk of SQL injection. This dimension is fully compliant 

--- warm-start prompt#4 fix_score=0.250 corrected_len=6478 ---
WPCS Compliance: score 3/10 — The code violates WordPress Coding Standards (WPCS) regarding output escaping. Specifically, the variable `$active_tab` is echoed directly into the HTML attribute value of anchor tags without any escaping (e.g., `echo $active_tab == 'general' ? ...`). While `htmlspecialchars()` is not strictly required for CSS class names in this specific context (as they are hardcoded strings), the lack of consistent escaping practices and the use of `echo` for dynamic values violates the spirit of WPCS which mandates `esc_html()` or `esc_attr()` for all output. Additionally, the

--- warm-start prompt#5 fix_score=1.000 corrected_len=865 ---
<?php
/**
	 * Get Terms.
	 *
	 * @param array $data Dynamic Data.
	 *
	 * @return string
	 */
function get_terms( $data ) {
		$terms     = '';
		$separator = ', ';

		if ( isset( $data['termSeparator'] ) && ! empty( $data['termSeparator'] ) ) {
			$separator = esc_html( $data['termSeparator'] );
		}

		if ( isset( $data['termType'] ) && 'tags' === $data['termType'] ) {
			$terms = get_the_tag_list( '', $separator, '', $data['context'] );
		} elseif ( isset( $data['termType'] ) && 'custom' === $data['termType'] && isset( $data['taxonomy'] ) ) {
			$taxonomy_terms = get_the_term_list( $data['con

################ fixed-step50 ################

--- fixed-step50 prompt#0 fix_score=0.250 corrected_len=3018 ---
WPCS Compliance: score 8/10 — The code follows standard WordPress coding conventions for function naming and structure. However, the indentation is inconsistent (mixed tabs and spaces), and the array structure is overly nested, which reduces readability. No major WPCS violations are present, but style points are lost due to formatting.

SQL Safety: score 10/10 — The code snippet does not interact with the database. There are no SQL queries, no usage of $wpdb, and no data manipulation that would require escaping or sanitization. Therefore, there are no SQL safety issues.

Security: score 10/10 

--- fixed-step50 prompt#1 fix_score=0.250 corrected_len=1622 ---
{
  "wpcs_compliance": 30,
  "security_score": 30,
  "performance_score": 30,
  "i18n_score": 30,
  "accessibility_score": 30,
  "documentation_score": 30,
  "overall_score": 30,
  "must_fix_issues": [
    "Missing nonce verification before processing the AJAX request",
    "Direct database query using get_posts() without a WHERE clause filter on post IDs",
    "Hardcoded SQL-like string concatenation for meta_query terms",
    "No early return when $_REQUEST['query'] is empty/undefined",
    "strip_tags() call without allowed tags whitelist for product title output"
  ],
  "suggested_improvem

--- fixed-step50 prompt#2 fix_score=0.250 corrected_len=4824 ---
WPCS Compliance: score 4/10 — The code violates WordPress Coding Standards (WPCS) regarding variable variable naming and array access. Specifically, `$filter->fields` and `$filter->all_fields` are accessed without explicit property existence checks, which can lead to undefined property notices if the object structure is not strictly enforced. Additionally, the function signature uses a reference parameter `&$total_rows` which is not documented in the docblock's `@param` tag, violating the standard for complete function documentation.

SQL Safety: score 6/10 — The code uses `$this->wpdb->prepar

--- fixed-step50 prompt#3 fix_score=0.250 corrected_len=3328 ---
WPCS Compliance: score 9/10 — The code follows WordPress Coding Standards (WPCS) well. It uses proper indentation, correct function naming conventions (camelCase for methods), and correctly implements the `@return` docblock. The use of backslashes before `sprintf` and `__` is technically redundant in modern PHP but not a violation. No significant WPCS issues found.

SQL Safety: score 10/10 — The code does not interact with the database. There are no SQL queries, no usage of `$wpdb`, and no risk of SQL injection. This dimension is fully compliant by default.

Security: score 10/10 — The functio

--- fixed-step50 prompt#4 fix_score=0.250 corrected_len=3604 ---
WPCS Compliance: score 4/10 — The code violates WordPress Coding Standards (WPCS) regarding output escaping. The variable `$active_tab` is echoed directly into the HTML attribute value of anchor tags without `esc_attr()` escaping. While `isset($_GET['tab'])` restricts the value to a defined set, the lack of explicit escaping violates the WPCS mandate for all output. Additionally, the function uses Allman brace style instead of WordPress's preferred K&R style.

SQL Safety: score 10/10 — The code does not interact with the database. There are no SQL queries, no `$wpdb` usage, and no risk of SQL 

--- fixed-step50 prompt#5 fix_score=0.250 corrected_len=1559 ---
## Step-by-Step Security Analysis

**Function under review:** `get_terms` (from `export-media-library`)

### 1. Code Quality

*Dimension score: code_quality = 10/10 — No structural code quality issues detected in get_terms.*

WPCS Compliance: score 10/10 — Function follows WPCS naming and docblock conventions.

SQL Safety: score None/10 — No $wpdb usage or SQL strings — N/A applies.

Security: score 10/10 — All output is delegated to `get_the_tag_list()`, `get_the_term_list()`, and `get_the_category_list()` which correctly escape their own output; `$separator` is escaped with `esc_html()`.

Pe

################ stale-step50 ################

--- stale-step50 prompt#0 fix_score=1.000 corrected_len=528 ---
<?php
/**
 * Gets REST route instances.
 *
 * @since 1.119.0
 *
 * @return REST_Route[] List of REST_Route objects.
 */
function get_rest_routes() {
	return array(
		new REST_Route(
			'core/site/data/site-health-tag-placement-test',
			array(
				array(
					'methods'             => WP_REST_Server::READABLE,
					'callback'            => array( $this->tag_placement, 'tag_placement_test' ),
					'permission_callback' => function () {
						return current_user_can( 'view_site_health_checks' );
					},
				),
			)
		),
	);
}

--- stale-step50 prompt#1 fix_score=0.250 corrected_len=6011 ---
WPCS Compliance: score 4/10 — The code violates WordPress Coding Standards (WPCS) by using `$_REQUEST` instead of `$_GET` or `$_POST`. `$_REQUEST` is discouraged because it merges `$_GET`, `$_POST`, and `$_COOKIE` data, creating ambiguity and potential security risks. Additionally, the indentation is inconsistent (mixed tabs and spaces), and the function lacks a proper docblock.

SQL Safety: score 8/10 — The code uses `get_posts()` with an array of arguments, which is a safe, high-level API that handles SQL escaping internally. There is no direct SQL query construction, so `$wpdb->prepare()` i

--- stale-step50 prompt#2 fix_score=1.000 corrected_len=1271 ---
<?php
/**
 * Retrieves quiz questions based on the provided filter.
 *
 * @param QuizQuestionsFilter $filter The filter object containing query parameters.
 * @param int                 $total_rows Pass-by-reference variable to return the total number of rows.
 * @return array List of quiz questions.
 * @throws Exception If the filter object is invalid or the query fails.
 */
function get_quiz_questions( QuizQuestionsFilter $filter, &$total_rows = 0 ) {
		if ( ! isset( $filter->all_fields ) ) {
			throw new InvalidArgumentException( '$filter->all_fields must be set.' );
		}
		if ( ! is_array( 

--- stale-step50 prompt#3 fix_score=0.997 corrected_len=486 ---
<?php
/**
	 * Returns the description for when permalinks are not set to contain the post name.
	 *
	 * @return string The description as a string.
	 */
function get_has_no_postname_in_permalink_description() {
		return \sprintf(
			/* translators: %s expands to '/%postname%/' */
			\__( 'It\'s highly recommended to have your postname in the URL of your posts and pages. Consider setting your permalink structure to %s.', 'wordpress-seo' ),
			'<strong>/%postname%/</strong>',
		);
	}

--- stale-step50 prompt#4 fix_score=0.250 corrected_len=5910 ---
WPCS Compliance: score 4/10 — camelCase method name violates WPCS snake_case convention; inconsistent blank lines (some function body lines have two newlines, others one); trailing whitespace after `echo __('Settings');` and elsewhere; missing PHPDoc type annotations; function body uses `===` strict comparison but `==` is also present.

SQL Safety: score None/10 — No SQL or $wpdb usage present.

Security: score 3/10 — `$active_tab` is compared against hardcoded strings but the `$_GET['tab']` value is never sanitized — while the whitelist of tab names is small, the comparison uses loose `==` in

--- stale-step50 prompt#5 fix_score=0.998 corrected_len=1161 ---
<?php
/**
	 * Get Terms.
	 *
	 * @param array{termSeparator?: string, termType?: string, taxonomy?: string, context: string} $data Dynamic Data.
	 *
	 * @return string|WP_Error
	 */
function get_terms( $data ) {
		$terms     = '';
		$separator = ', ';

		if ( isset( $data['termSeparator'] ) && ! empty( $data['termSeparator'] ) ) {
			$separator = esc_html( $data['termSeparator'] );
		}

		if ( isset( $data['termType'] ) && 'tags' === $data['termType'] ) {
			$terms = get_the_tag_list( '', $separator, '', $data['context'] );
		} elseif ( isset( $data['termType'] ) && 'custom' === $data['termTyp
