Loaded wp_judge prompt pool: 482 prompts (source: load_rl_prompts("judge")).
Endpoint: http://localhost:8000/v1  |  served model: wp_judge
Sampling: G=4, temperature=1.0, max_tokens=1536
Targets: parseable>=300 OR raw>=1200
[resume] existing: raw=0 parseable=0 -> next group_id=0
  progress: raw=20 parseable=12 parse_fail_rate=0.400 (target 300, cap 1200)
  progress: raw=40 parseable=21 parse_fail_rate=0.475 (target 300, cap 1200)
  progress: raw=60 parseable=22 parse_fail_rate=0.633 (target 300, cap 1200)
  progress: raw=80 parseable=30 parse_fail_rate=0.625 (target 300, cap 1200)
  progress: raw=100 parseable=38 parse_fail_rate=0.620 (target 300, cap 1200)
  progress: raw=120 parseable=40 parse_fail_rate=0.667 (target 300, cap 1200)
  progress: raw=140 parseable=44 parse_fail_rate=0.686 (target 300, cap 1200)
  progress: raw=160 parseable=47 parse_fail_rate=0.706 (target 300, cap 1200)
  progress: raw=180 parseable=54 parse_fail_rate=0.700 (target 300, cap 1200)
  progress: raw=200 parseable=60 parse_fail_rate=0.700 (target 300, cap 1200)
  progress: raw=220 parseable=64 parse_fail_rate=0.709 (target 300, cap 1200)
  progress: raw=240 parseable=73 parse_fail_rate=0.696 (target 300, cap 1200)
  progress: raw=260 parseable=78 parse_fail_rate=0.700 (target 300, cap 1200)
  progress: raw=280 parseable=91 parse_fail_rate=0.675 (target 300, cap 1200)
  progress: raw=300 parseable=99 parse_fail_rate=0.670 (target 300, cap 1200)
  progress: raw=320 parseable=103 parse_fail_rate=0.678 (target 300, cap 1200)
  progress: raw=340 parseable=106 parse_fail_rate=0.688 (target 300, cap 1200)
  progress: raw=360 parseable=114 parse_fail_rate=0.683 (target 300, cap 1200)
