Loaded 372 real completions from 'data/rl_probe/judge_probe_corpus.jsonl'  [CROSS-CHECK: failure-biased corpus — NOT primary measurement]

========================================================================
HISTOGRAM  [on-disk cross-check (data/rl_probe/judge_probe_corpus.jsonl)]  [WARNING: FAILURE-BIASED corpus]
========================================================================

  Total completions   : 372
  Parseable PHP       : 119
  Parse failures      : 253
  Parse-failure rate  : 68.01%  <-- read with histogram below

  rubric.overall histogram  (parseable subset, N=119):
    [  0- 10]:    0  ( 0.0%)  
    [ 10- 20]:    0  ( 0.0%)  
    [ 20- 30]:    0  ( 0.0%)  
    [ 30- 40]:    0  ( 0.0%)  
    [ 40- 50]:    0  ( 0.0%)  
    [ 50- 60]:    0  ( 0.0%)  
    [ 60- 70]:    0  ( 0.0%)  
    [ 70- 80]:    3  ( 2.5%)  #
    [ 80- 90]:    1  ( 0.8%)  
    [ 90-100]:  115  (96.6%)  ######################################

  parseable mean=98.9  std=4.4

  [JUDGE-PATH fix_correctness] per-group stats (simulated G=4):
    n_samples            : 372
    n_groups             : 93
    group_reward_std_mean: 0.2233
    frac_groups_all_zero : 0.000
    frac_groups_all_one  : 0.022  (>0.9 threshold)
    frac_groups_nonuniform:0.677
    frac_mid             : 0.691  (scores in (0.1, 0.9))

========================================================================
GEN-PATH GROUP STATS  (simulated G=4, frozen-judge mock)
========================================================================

  [GEN-PATH composite scalar] per-group stats (simulated G=4):
    n_samples            : 372
    n_groups             : 93
    group_reward_std_mean: 0.0924
    frac_groups_all_zero : 0.323
    frac_groups_all_one  : 0.000  (>0.9 threshold)
    frac_groups_nonuniform:0.667
    frac_mid             : 0.196  (scores in (0.1, 0.9))

  raw scalars (first 16): [0.0, -0.0789, 0.1471, -0.1417, 0.1589, -0.6979, -0.391, 0.0, 0.1589, 0.0, -0.084, 0.1253, 0.0, 0.0, 0.0, 0.0]

========================================================================
GEN PATH  (group of 4, frozen-judge mock=95.0)
========================================================================
  [0] extract_len=  992 parseable_php=False
  [1] extract_len=  989 parseable_php=True
  [2] extract_len=  967 parseable_php=True
  [3] extract_len= 4043 parseable_php=True

  phpcs_raw (overall 0-100): [100.0, 100.0, 100.0, 99.3]
  phpcs_raw variance        : 0.091875
  _mo_grpo_norm(phpcs_raw)  : [0.5774, 0.5774, 0.5774, -1.7321]

  per-sample composite / scalar:
   [0] phpcs_norm=+0.5774 verpo_norm=+0.2294 judge_norm=+0.0000 -> composite=+0.2824 sec_fail=False SCALAR=+0.0000
   [1] phpcs_norm=+0.5774 verpo_norm=-1.6059 judge_norm=+0.0000 -> composite=-0.3600 sec_fail=False SCALAR=-0.3600
   [2] phpcs_norm=+0.5774 verpo_norm=+0.2294 judge_norm=+0.0000 -> composite=+0.2824 sec_fail=False SCALAR=+0.2824
   [3] phpcs_norm=-1.7321 verpo_norm=+1.1471 judge_norm=+0.0000 -> composite=-0.2047 sec_fail=False SCALAR=-0.2047

  >>> GEN group scalars: min=-0.3600 max=0.2824 mean=-0.0706

========================================================================
JUDGE PATH  (fix-correctness on _extract_corrected_php: <corrected_code> | ```php)
========================================================================
  prose_only (no fix)      extract_len=  186 parseable=False fix_correctness=0.000 combined(cons=0)=0.000
  critique + ```php fix    extract_len=  187 parseable=True  fix_correctness=1.000 combined(cons=0)=0.700
  critique + <corrected_code> extract_len=  128 parseable=True  fix_correctness=0.997 combined(cons=0)=0.698
  >>> Bare prose (no fix block) still -> 0; a critique + ```php/<corrected_code> block -> nonzero fix_correctness. The augmented judge prompt elicits the latter.

========================================================================
FROZEN-JUDGE PARSE  (reward path: prose fallback vs <judge_output> JSON)
========================================================================
  PROSE (v4 SFT format)    -> overall_score=88.88888888888889 via=prose-fallback(dims=['wpcs_compliance', 'sql_safety', 'security'])
  JSON <judge_output>      -> overall_score=88.0 via=json
  >>> PROSE must now yield a numeric overall (was None pre-fix).

========================================================================
JUDGE PROMPT AUGMENTATION (Mechanism-1 contract)
========================================================================
  augmented user content tail:
   ...de: after your critique, output the fully corrected WordPress code in a single ```php fenced block beginning with <?php. The corrected code must resolve every issue you identified.

========================================================================
HARD GATE
========================================================================
  [PASS] (1) a judge rollout shape yields nonzero fix_correctness (max fix=1.000)
  [PASS] (2) frozen-judge PROSE parses to a numeric score (prose overall=88.88888888888889)
  [PASS] (3) gen group reward is non-uniform (min=-0.0000 max=0.0000)

  NOTE: gate (1)/(3) on OFFLINE shapes proves the CODE parses/scores correctly. Whether the warm v4 policy actually EMITS a fix block under the augmented prompt is only verifiable LIVE — use a 50-100 step signal run (reward_min!=reward_max, reward_mean trending up) as the real-rollout gate.

  >>> OFFLINE GATE: ALL PASS

========================================================================
OFFLINE GATE (corpus thresholds — Phase 8.1 / D-81-01)
========================================================================

  Corpus               : data/rl_probe/judge_probe_corpus.jsonl
  N parseable (rubric) : 119  (floor=100; gate evaluates iff N>=100)

  Before/after comparison (08.1-MEASUREMENT.md baseline vs post-redesign):
  Metric                             Before      After         Threshold  Result
  ------------------------------ ---------- ----------  ----------------  ------
  frac_groups_all_zero                0.312      0.000  < 0.35 & < baseline  PASS
  frac_groups_nonuniform              0.677      0.677            > 0.20  PASS
  group_reward_std_mean              0.2989     0.2233            > 0.05  PASS
  frac_mid                            0.011      0.691               > 0  PASS

  OFFLINE GATE: PASS
  Phase 9 may proceed to the 50-step GPU signal-check.

Done. See .planning/debug/09-rl-warmstart-zero-reward.md for the writeup.
