Traceback (most recent call last):
  File "/home/robert_li/Desktop/projects/wp-finetune/scripts/checkpoint_parse_check.py", line 711, in <module>
    main()
    ~~~~^^
  File "/home/robert_li/Desktop/projects/wp-finetune/scripts/checkpoint_parse_check.py", line 687, in main
    run_binding_dryrun(
    ~~~~~~~~~~~~~~~~~~^
        checkpoint_dir=args.checkpoint_dir,
        ^^^^^^^^^^^^^^^^^^^^^^^^^^^^^^^^^^^
    ...<3 lines>...
        max_memory_gib=args.max_memory_gib,
        ^^^^^^^^^^^^^^^^^^^^^^^^^^^^^^^^^^^
    )
    ^
  File "/home/robert_li/Desktop/projects/wp-finetune/scripts/checkpoint_parse_check.py", line 352, in run_binding_dryrun
    from unsloth import FastLanguageModel
  File "/home/robert_li/miniconda3/lib/python3.13/site-packages/unsloth/__init__.py", line 105, in <module>
    import unsloth_zoo
  File "/home/robert_li/miniconda3/lib/python3.13/site-packages/unsloth_zoo/__init__.py", line 220, in <module>
    from .device_type import (
    ...<6 lines>...
    )
  File "/home/robert_li/miniconda3/lib/python3.13/site-packages/unsloth_zoo/device_type.py", line 231, in <module>
    DEVICE_TYPE : str = get_device_type()
                        ~~~~~~~~~~~~~~~^^
  File "/home/robert_li/miniconda3/lib/python3.13/site-packages/unsloth_zoo/device_type.py", line 218, in get_device_type
    raise NotImplementedError("Unsloth cannot find any torch accelerator? You need a GPU.")
NotImplementedError: Unsloth cannot find any torch accelerator? You need a GPU.
