===RETURNCODE===
1
===STDOUT===

===STDERR(tail 3000)===
Traceback (most recent call last):
  File "<frozen runpy>", line 198, in _run_module_as_main
  File "<frozen runpy>", line 88, in _run_code
  File "/workspace/wp-finetune/scripts/checkpoint_parse_check.py", line 293, in <module>
    main()
  File "/workspace/wp-finetune/scripts/checkpoint_parse_check.py", line 283, in main
    run_checkpoint_parse_check(
  File "/workspace/wp-finetune/scripts/checkpoint_parse_check.py", line 129, in run_checkpoint_parse_check
    from unsloth import FastLanguageModel
  File "/usr/local/lib/python3.12/dist-packages/unsloth/__init__.py", line 144, in <module>
    from ._gpu_init import *
  File "/usr/local/lib/python3.12/dist-packages/unsloth/_gpu_init.py", line 105, in <module>
    import unsloth_zoo
  File "/usr/local/lib/python3.12/dist-packages/unsloth_zoo/__init__.py", line 327, in <module>
    from .device_type import (
  File "/usr/local/lib/python3.12/dist-packages/unsloth_zoo/device_type.py", line 251, in <module>
    DEVICE_TYPE : str = get_device_type()
                        ^^^^^^^^^^^^^^^^^
  File "/usr/local/lib/python3.12/dist-packages/unsloth_zoo/device_type.py", line 236, in get_device_type
    raise NotImplementedError("Unsloth cannot find any torch accelerator? You need a GPU.")
NotImplementedError: Unsloth cannot find any torch accelerator? You need a GPU.

