=== 2026-05-29T10:54:21Z ===
               total        used        free      shared  buff/cache   available
Mem:           121Gi       7.2Gi       112Gi       274Mi       3.1Gi       114Gi
Swap:           15Gi       210Mi        15Gi

=== 2026-05-29T10:54:51Z ===
               total        used        free      shared  buff/cache   available
Mem:           121Gi        42Gi        42Gi       274Mi        37Gi        79Gi
Swap:           15Gi       210Mi        15Gi

=== 2026-05-29T10:55:21Z ===
               total        used        free      shared  buff/cache   available
Mem:           121Gi        69Gi       1.0Gi       270Mi        53Gi        52Gi
Swap:           15Gi       1.1Gi        14Gi

=== 2026-05-29T10:55:51Z ===
               total        used        free      shared  buff/cache   available
Mem:           121Gi        67Gi       3.4Gi       270Mi        51Gi        53Gi
Swap:           15Gi       1.3Gi        14Gi

=== 2026-05-29T10:56:21Z ===
               total        used        free      shared  buff/cache   available
Mem:           121Gi        66Gi        18Gi       270Mi        37Gi        54Gi
Swap:           15Gi       1.6Gi        14Gi

